<?xml version="1.0" encoding="UTF-8"?>
<!-- Generated by org.testng.reporters.JUnitReportReporter -->
<testsuite hostname="kajal-verma" failures="0" tests="1" name="org.testing.testscript.TestCase2" time="16.066" errors="0" timestamp="2025-08-03T13:21:12 IST" skipped="0">
  <testcase classname="org.testing.testscript.TestCase2" name="tc2" time="16.066"/>
</testsuite> <!-- org.testing.testscript.TestCase2 -->
