<?xml version="1.0" encoding="UTF-8"?>
<!-- Generated by org.testng.reporters.JUnitReportReporter -->
<testsuite hostname="kajal-verma" failures="0" tests="2" name="org.testing.testscript.TestCase1" time="36.401" errors="0" timestamp="2025-08-04T14:04:26 IST" skipped="0">
  <testcase classname="org.testing.testscript.TestCase1" name="tc1" time="26.199"/>
  <testcase classname="org.testing.testscript.TestCase1" name="tc1" time="10.202"/>
</testsuite> <!-- org.testing.testscript.TestCase1 -->
