<?xml version="1.0" encoding="UTF-8"?>
<!-- Generated by org.testng.reporters.JUnitReportReporter -->
<testsuite hostname="kajal-verma" failures="0" tests="1" name="org.testing.utilities.dataprovider" time="0.951" errors="0" timestamp="2025-08-04T13:53:27 IST" skipped="0">
  <testcase classname="org.testing.utilities.dataprovider" name="data" time="0.951"/>
</testsuite> <!-- org.testing.utilities.dataprovider -->
