<?xml version="1.0" encoding="UTF-8"?>
<!-- Generated by org.testng.reporters.JUnitReportReporter -->
<testsuite hostname="kajal-verma" failures="0" tests="2" name="org.testing.testscript.TestCase1" time="34.141" errors="0" timestamp="2025-08-04T09:45:00 IST" skipped="0">
  <testcase classname="org.testing.testscript.TestCase1" name="tc1" time="22.322"/>
  <testcase classname="org.testing.testscript.TestCase1" name="tc1" time="11.819"/>
</testsuite> <!-- org.testing.testscript.TestCase1 -->
