<?xml version="1.0" encoding="UTF-8"?>
<!-- Generated by org.testng.reporters.JUnitReportReporter -->
<testsuite hostname="kajal-verma" failures="0" tests="1"
	name="org.testing.testscript.testcase3" time="9.636" errors="0"
	timestamp="2025-08-02T13:40:49 IST" skipped="0">
	<testcase classname="org.testing.testscript.testcase3"
		name="tc3" time="9.636" />
</testsuite> <!-- org.testing.testscript.testcase3 -->
