<?xml version="1.0" encoding="UTF-8"?>
<!-- Generated by org.testng.reporters.JUnitReportReporter -->
<testsuite hostname="kajal-verma" failures="0" tests="1" name="org.testing.testscript.TestCase1" time="14.300" errors="0" timestamp="2025-08-03T13:06:12 IST" skipped="0">
  <testcase classname="org.testing.testscript.TestCase1" name="tc1" time="14.300"/>
</testsuite> <!-- org.testing.testscript.TestCase1 -->
